Determining if the pthread_create exist failed with the following output:
Change Dir: /home/simmu/drone_ws/build/CMakeFiles/CMakeTmp

Run Build Command:/usr/bin/make "cmTryCompileExec2240319016/fast"
/usr/bin/make -f CMakeFiles/cmTryCompileExec2240319016.dir/build.make CMakeFiles/cmTryCompileExec2240319016.dir/build
make[1]: Entering directory `/home/simmu/drone_ws/build/CMakeFiles/CMakeTmp'
/usr/bin/cmake -E cmake_progress_report /home/simmu/drone_ws/build/CMakeFiles/CMakeTmp/CMakeFiles 1
Building C object CMakeFiles/cmTryCompileExec2240319016.dir/CheckSymbolExists.c.o
/usr/bin/cc    -o CMakeFiles/cmTryCompileExec2240319016.dir/CheckSymbolExists.c.o   -c /home/simmu/drone_ws/build/CMakeFiles/CMakeTmp/CheckSymbolExists.c
Linking C executable cmTryCompileExec2240319016
/usr/bin/cmake -E cmake_link_script CMakeFiles/cmTryCompileExec2240319016.dir/link.txt --verbose=1
/usr/bin/cc       CMakeFiles/cmTryCompileExec2240319016.dir/CheckSymbolExists.c.o  -o cmTryCompileExec2240319016 -rdynamic 
CMakeFiles/cmTryCompileExec2240319016.dir/CheckSymbolExists.c.o: In function `main':
CheckSymbolExists.c:(.text+0x16): undefined reference to `pthread_create'
collect2: error: ld returned 1 exit status
make[1]: Leaving directory `/home/simmu/drone_ws/build/CMakeFiles/CMakeTmp'
make[1]: *** [cmTryCompileExec2240319016] Error 1
make: *** [cmTryCompileExec2240319016/fast] Error 2

File /home/simmu/drone_ws/build/CMakeFiles/CMakeTmp/CheckSymbolExists.c:
/* */
#include <pthread.h>

int main(int argc, char** argv)
{
  (void)argv;
#ifndef pthread_create
  return ((int*)(&pthread_create))[argc];
#else
  (void)argc;
  return 0;
#endif
}

Determining if the function pthread_create exists in the pthreads failed with the following output:
Change Dir: /home/simmu/drone_ws/build/CMakeFiles/CMakeTmp

Run Build Command:/usr/bin/make "cmTryCompileExec1746620582/fast"
/usr/bin/make -f CMakeFiles/cmTryCompileExec1746620582.dir/build.make CMakeFiles/cmTryCompileExec1746620582.dir/build
make[1]: Entering directory `/home/simmu/drone_ws/build/CMakeFiles/CMakeTmp'
/usr/bin/cmake -E cmake_progress_report /home/simmu/drone_ws/build/CMakeFiles/CMakeTmp/CMakeFiles 1
Building C object CMakeFiles/cmTryCompileExec1746620582.dir/CheckFunctionExists.c.o
/usr/bin/cc   -DCHECK_FUNCTION_EXISTS=pthread_create   -o CMakeFiles/cmTryCompileExec1746620582.dir/CheckFunctionExists.c.o   -c /usr/share/cmake-2.8/Modules/CheckFunctionExists.c
Linking C executable cmTryCompileExec1746620582
/usr/bin/cmake -E cmake_link_script CMakeFiles/cmTryCompileExec1746620582.dir/link.txt --verbose=1
/usr/bin/cc   -DCHECK_FUNCTION_EXISTS=pthread_create    CMakeFiles/cmTryCompileExec1746620582.dir/CheckFunctionExists.c.o  -o cmTryCompileExec1746620582 -rdynamic -lpthreads 
/usr/bin/ld: cannot find -lpthreads
collect2: error: ld returned 1 exit status
make[1]: Leaving directory `/home/simmu/drone_ws/build/CMakeFiles/CMakeTmp'
make[1]: *** [cmTryCompileExec1746620582] Error 1
make: *** [cmTryCompileExec1746620582/fast] Error 2


Determining if the Q_WS_WIN exist failed with the following output:
Change Dir: /home/simmu/drone_ws/build/CMakeFiles/CMakeTmp

Run Build Command:/usr/bin/make "cmTryCompileExec2722149953/fast"
/usr/bin/make -f CMakeFiles/cmTryCompileExec2722149953.dir/build.make CMakeFiles/cmTryCompileExec2722149953.dir/build
make[1]: Entering directory `/home/simmu/drone_ws/build/CMakeFiles/CMakeTmp'
/usr/bin/cmake -E cmake_progress_report /home/simmu/drone_ws/build/CMakeFiles/CMakeTmp/CMakeFiles 1
Building CXX object CMakeFiles/cmTryCompileExec2722149953.dir/CheckSymbolExists.cxx.o
/usr/bin/c++    -I/usr/include/qt4    -o CMakeFiles/cmTryCompileExec2722149953.dir/CheckSymbolExists.cxx.o -c /home/simmu/drone_ws/build/CMakeFiles/CMakeTmp/CheckSymbolExists.cxx
/home/simmu/drone_ws/build/CMakeFiles/CMakeTmp/CheckSymbolExists.cxx: In function ‘int main(int, char**)’:
/home/simmu/drone_ws/build/CMakeFiles/CMakeTmp/CheckSymbolExists.cxx:8:19: error: ‘Q_WS_WIN’ was not declared in this scope
   return ((int*)(&Q_WS_WIN))[argc];
                   ^
make[1]: Leaving directory `/home/simmu/drone_ws/build/CMakeFiles/CMakeTmp'
make[1]: *** [CMakeFiles/cmTryCompileExec2722149953.dir/CheckSymbolExists.cxx.o] Error 1
make: *** [cmTryCompileExec2722149953/fast] Error 2

File /home/simmu/drone_ws/build/CMakeFiles/CMakeTmp/CheckSymbolExists.cxx:
/* */
#include <QtCore/qglobal.h>

int main(int argc, char** argv)
{
  (void)argv;
#ifndef Q_WS_WIN
  return ((int*)(&Q_WS_WIN))[argc];
#else
  (void)argc;
  return 0;
#endif
}

Determining if the Q_WS_QWS exist failed with the following output:
Change Dir: /home/simmu/drone_ws/build/CMakeFiles/CMakeTmp

Run Build Command:/usr/bin/make "cmTryCompileExec637023695/fast"
/usr/bin/make -f CMakeFiles/cmTryCompileExec637023695.dir/build.make CMakeFiles/cmTryCompileExec637023695.dir/build
make[1]: Entering directory `/home/simmu/drone_ws/build/CMakeFiles/CMakeTmp'
/usr/bin/cmake -E cmake_progress_report /home/simmu/drone_ws/build/CMakeFiles/CMakeTmp/CMakeFiles 1
Building CXX object CMakeFiles/cmTryCompileExec637023695.dir/CheckSymbolExists.cxx.o
/usr/bin/c++    -I/usr/include/qt4    -o CMakeFiles/cmTryCompileExec637023695.dir/CheckSymbolExists.cxx.o -c /home/simmu/drone_ws/build/CMakeFiles/CMakeTmp/CheckSymbolExists.cxx
/home/simmu/drone_ws/build/CMakeFiles/CMakeTmp/CheckSymbolExists.cxx: In function ‘int main(int, char**)’:
/home/simmu/drone_ws/build/CMakeFiles/CMakeTmp/CheckSymbolExists.cxx:8:19: error: ‘Q_WS_QWS’ was not declared in this scope
   return ((int*)(&Q_WS_QWS))[argc];
                   ^
make[1]: *** [CMakeFiles/cmTryCompileExec637023695.dir/CheckSymbolExists.cxx.o] Error 1
make[1]: Leaving directory `/home/simmu/drone_ws/build/CMakeFiles/CMakeTmp'
make: *** [cmTryCompileExec637023695/fast] Error 2

File /home/simmu/drone_ws/build/CMakeFiles/CMakeTmp/CheckSymbolExists.cxx:
/* */
#include <QtCore/qglobal.h>

int main(int argc, char** argv)
{
  (void)argv;
#ifndef Q_WS_QWS
  return ((int*)(&Q_WS_QWS))[argc];
#else
  (void)argc;
  return 0;
#endif
}

Determining if the Q_WS_MAC exist failed with the following output:
Change Dir: /home/simmu/drone_ws/build/CMakeFiles/CMakeTmp

Run Build Command:/usr/bin/make "cmTryCompileExec1793132906/fast"
/usr/bin/make -f CMakeFiles/cmTryCompileExec1793132906.dir/build.make CMakeFiles/cmTryCompileExec1793132906.dir/build
make[1]: Entering directory `/home/simmu/drone_ws/build/CMakeFiles/CMakeTmp'
/usr/bin/cmake -E cmake_progress_report /home/simmu/drone_ws/build/CMakeFiles/CMakeTmp/CMakeFiles 1
Building CXX object CMakeFiles/cmTryCompileExec1793132906.dir/CheckSymbolExists.cxx.o
/usr/bin/c++    -I/usr/include/qt4    -o CMakeFiles/cmTryCompileExec1793132906.dir/CheckSymbolExists.cxx.o -c /home/simmu/drone_ws/build/CMakeFiles/CMakeTmp/CheckSymbolExists.cxx
/home/simmu/drone_ws/build/CMakeFiles/CMakeTmp/CheckSymbolExists.cxx: In function ‘int main(int, char**)’:
/home/simmu/drone_ws/build/CMakeFiles/CMakeTmp/CheckSymbolExists.cxx:8:19: error: ‘Q_WS_MAC’ was not declared in this scope
   return ((int*)(&Q_WS_MAC))[argc];
                   ^
make[1]: *** [CMakeFiles/cmTryCompileExec1793132906.dir/CheckSymbolExists.cxx.o] Error 1
make[1]: Leaving directory `/home/simmu/drone_ws/build/CMakeFiles/CMakeTmp'
make: *** [cmTryCompileExec1793132906/fast] Error 2

File /home/simmu/drone_ws/build/CMakeFiles/CMakeTmp/CheckSymbolExists.cxx:
/* */
#include <QtCore/qglobal.h>

int main(int argc, char** argv)
{
  (void)argv;
#ifndef Q_WS_MAC
  return ((int*)(&Q_WS_MAC))[argc];
#else
  (void)argc;
  return 0;
#endif
}

